<?xml version="1.0" encoding="UTF-8"?>
<!-- Generated by org.testng.reporters.JUnitReportReporter -->
<testsuite hostname="DESKTOP-DRTC6PB" failures="0" tests="1" name="com.appiumtesting.CalculateOperation" time="17.302" errors="1" timestamp="2024-10-09T11:57:59 IST" skipped="0">
  <testcase classname="com.appiumtesting.CalculateOperation" name="operation" time="17.302">
    <error message="androidx.test.uiautomator.StaleObjectException
For documentation on this error, please visit: https://www.selenium.dev/documentation/webdriver/troubleshooting/errors#stale-element-reference-exception
Build info: version: &#039;4.13.0&#039;, revision: &#039;ba948ece5b*&#039;
System info: os.name: &#039;Windows 11&#039;, os.arch: &#039;amd64&#039;, os.version: &#039;10.0&#039;, java.version: &#039;18.0.1.1&#039;
Driver info: io.appium.java_client.AppiumDriver
Command: [cc3b7dc5-9af7-41d9-9332-7a3be6c2e1c7, clickElement {id=00000000-0000-0081-ffff-ffff00000053}]
Capabilities {appium:appActivity: com.dencreak.dlcalculator.D..., appium:appPackage: com.dencreak.dlcalculator, appium:automationName: UIAutomator2, appium:databaseEnabled: false, appium:desired: {appActivity: com.dencreak.dlcalculator.D..., appPackage: com.dencreak.dlcalculator, automationName: UIAutomator2, deviceName: realme RMX2195, platformName: ANDROID, platformVersion: 11.0, udid: ddaabb9f}, appium:deviceApiLevel: 30, appium:deviceManufacturer: realme, appium:deviceModel: RMX2195, appium:deviceName: ddaabb9f, appium:deviceScreenDensity: 272, appium:deviceScreenSize: 720x1600, appium:deviceUDID: ddaabb9f, appium:javascriptEnabled: true, appium:locationContextEnabled: false, appium:networkConnectionEnabled: true, appium:pixelRatio: 1.7, appium:platformVersion: 11, appium:statBarHeight: 71, appium:takesScreenshot: true, appium:udid: ddaabb9f, appium:viewportRect: {height: 1529, left: 0, top: 71, width: 720}, appium:warnings: {}, appium:webStorageEnabled: false, platformName: ANDROID}
Element: [[AppiumDriver:  on ANDROID (cc3b7dc5-9af7-41d9-9332-7a3be6c2e1c7)] -&gt; id: com.dencreak.dlcalculator:id/pad_img_d_d]
Session ID: cc3b7dc5-9af7-41d9-9332-7a3be6c2e1c7" type="org.openqa.selenium.StaleElementReferenceException">
      <![CDATA[org.openqa.selenium.StaleElementReferenceException: androidx.test.uiautomator.StaleObjectException
For documentation on this error, please visit: https://www.selenium.dev/documentation/webdriver/troubleshooting/errors#stale-element-reference-exception
Build info: version: '4.13.0', revision: 'ba948ece5b*'
System info: os.name: 'Windows 11', os.arch: 'amd64', os.version: '10.0', java.version: '18.0.1.1'
Driver info: io.appium.java_client.AppiumDriver
Command: [cc3b7dc5-9af7-41d9-9332-7a3be6c2e1c7, clickElement {id=00000000-0000-0081-ffff-ffff00000053}]
Capabilities {appium:appActivity: com.dencreak.dlcalculator.D..., appium:appPackage: com.dencreak.dlcalculator, appium:automationName: UIAutomator2, appium:databaseEnabled: false, appium:desired: {appActivity: com.dencreak.dlcalculator.D..., appPackage: com.dencreak.dlcalculator, automationName: UIAutomator2, deviceName: realme RMX2195, platformName: ANDROID, platformVersion: 11.0, udid: ddaabb9f}, appium:deviceApiLevel: 30, appium:deviceManufacturer: realme, appium:deviceModel: RMX2195, appium:deviceName: ddaabb9f, appium:deviceScreenDensity: 272, appium:deviceScreenSize: 720x1600, appium:deviceUDID: ddaabb9f, appium:javascriptEnabled: true, appium:locationContextEnabled: false, appium:networkConnectionEnabled: true, appium:pixelRatio: 1.7, appium:platformVersion: 11, appium:statBarHeight: 71, appium:takesScreenshot: true, appium:udid: ddaabb9f, appium:viewportRect: {height: 1529, left: 0, top: 71, width: 720}, appium:warnings: {}, appium:webStorageEnabled: false, platformName: ANDROID}
Element: [[AppiumDriver:  on ANDROID (cc3b7dc5-9af7-41d9-9332-7a3be6c2e1c7)] -> id: com.dencreak.dlcalculator:id/pad_img_d_d]
Session ID: cc3b7dc5-9af7-41d9-9332-7a3be6c2e1c7
at java.base/jdk.internal.reflect.DirectConstructorHandleAccessor.newInstance(DirectConstructorHandleAccessor.java:67)
at java.base/java.lang.reflect.Constructor.newInstanceWithCaller(Constructor.java:499)
at java.base/java.lang.reflect.Constructor.newInstance(Constructor.java:483)
at org.openqa.selenium.remote.codec.w3c.W3CHttpResponseCodec.createException(W3CHttpResponseCodec.java:200)
at org.openqa.selenium.remote.codec.w3c.W3CHttpResponseCodec.decode(W3CHttpResponseCodec.java:133)
at org.openqa.selenium.remote.codec.w3c.W3CHttpResponseCodec.decode(W3CHttpResponseCodec.java:52)
at org.openqa.selenium.remote.HttpCommandExecutor.execute(HttpCommandExecutor.java:191)
at io.appium.java_client.remote.AppiumCommandExecutor.execute(AppiumCommandExecutor.java:250)
at org.openqa.selenium.remote.RemoteWebDriver.execute(RemoteWebDriver.java:602)
at org.openqa.selenium.remote.RemoteWebElement.execute(RemoteWebElement.java:224)
at org.openqa.selenium.remote.RemoteWebElement.click(RemoteWebElement.java:77)
at com.appiumtesting.CalculateOperation.operation(CalculateOperation.java:38)
at java.base/jdk.internal.reflect.DirectMethodHandleAccessor.invoke(DirectMethodHandleAccessor.java:104)
at java.base/java.lang.reflect.Method.invoke(Method.java:577)
at org.testng.internal.invokers.MethodInvocationHelper.invokeMethod(MethodInvocationHelper.java:139)
at org.testng.internal.invokers.TestInvoker.invokeMethod(TestInvoker.java:664)
at org.testng.internal.invokers.TestInvoker.invokeTestMethod(TestInvoker.java:227)
at org.testng.internal.invokers.MethodRunner.runInSequence(MethodRunner.java:50)
at org.testng.internal.invokers.TestInvoker$MethodInvocationAgent.invoke(TestInvoker.java:957)
at org.testng.internal.invokers.TestInvoker.invokeTestMethods(TestInvoker.java:200)
at org.testng.internal.invokers.TestMethodWorker.invokeTestMethods(TestMethodWorker.java:148)
at org.testng.internal.invokers.TestMethodWorker.run(TestMethodWorker.java:128)
at java.base/java.util.ArrayList.forEach(ArrayList.java:1511)
at org.testng.TestRunner.privateRun(TestRunner.java:848)
at org.testng.TestRunner.run(TestRunner.java:621)
at org.testng.SuiteRunner.runTest(SuiteRunner.java:443)
at org.testng.SuiteRunner.runSequentially(SuiteRunner.java:437)
at org.testng.SuiteRunner.privateRun(SuiteRunner.java:397)
at org.testng.SuiteRunner.run(SuiteRunner.java:336)
at org.testng.SuiteRunnerWorker.runSuite(SuiteRunnerWorker.java:52)
at org.testng.SuiteRunnerWorker.run(SuiteRunnerWorker.java:95)
at org.testng.TestNG.runSuitesSequentially(TestNG.java:1280)
at org.testng.TestNG.runSuitesLocally(TestNG.java:1200)
at org.testng.TestNG.runSuites(TestNG.java:1114)
at org.testng.TestNG.run(TestNG.java:1082)
at org.testng.remote.AbstractRemoteTestNG.run(AbstractRemoteTestNG.java:115)
at org.testng.remote.RemoteTestNG.initAndRun(RemoteTestNG.java:293)
at org.testng.remote.RemoteTestNG.main(RemoteTestNG.java:91)
]]>
    </error>
  </testcase> <!-- operation -->
</testsuite> <!-- com.appiumtesting.CalculateOperation -->
